<?xml version="1.0" encoding="UTF-8"?>
<!-- Generated by org.testng.reporters.JUnitXMLReporter -->
<testsuite ignored="0" hostname="Chaitanya" failures="0" tests="2" name="Run On Edge" time="0.068" errors="0" timestamp="2024-11-13T22:14:07 IST">
  <testcase classname="Annotation.CrossBrowserTesting" name="@BeforeMethod browserLoad" time="0.022">
    <failure type="org.openqa.selenium.SessionNotCreatedException" message="Could not start a new session. Possible causes are invalid address of the remote server or browser start-up failure. 
Host info: host: &amp;apos;CHAITANYA&amp;apos;, ip: &amp;apos;192.168.1.111&amp;apos;
Build info: version: &amp;apos;4.21.0&amp;apos;, revision: &amp;apos;79ed462ef4&amp;apos;
System info: os.name: &amp;apos;Windows 11&amp;apos;, os.arch: &amp;apos;amd64&amp;apos;, os.version: &amp;apos;10.0&amp;apos;, java.version: &amp;apos;17.0.12&amp;apos;
Driver info: org.openqa.selenium.remote.RemoteWebDriver
Command: [null, newSession {capabilities=[Capabilities {Name: crossbrowser, browserName: edge, build: 2.1, console: true, network: true, platform: Windows 10, version: 103.0, visual: true}]}]
Capabilities {Name: crossbrowser, browserName: edge, build: 2.1, console: true, network: true, platform: Windows 10, version: 103.0, visual: true}">
      <![CDATA[org.openqa.selenium.SessionNotCreatedException: Could not start a new session. Possible causes are invalid address of the remote server or browser start-up failure. 
Host info: host: 'CHAITANYA', ip: '192.168.1.111'
Build info: version: '4.21.0', revision: '79ed462ef4'
System info: os.name: 'Windows 11', os.arch: 'amd64', os.version: '10.0', java.version: '17.0.12'
Driver info: org.openqa.selenium.remote.RemoteWebDriver
Command: [null, newSession {capabilities=[Capabilities {Name: crossbrowser, browserName: edge, build: 2.1, console: true, network: true, platform: Windows 10, version: 103.0, visual: true}]}]
Capabilities {Name: crossbrowser, browserName: edge, build: 2.1, console: true, network: true, platform: Windows 10, version: 103.0, visual: true}
at org.openqa.selenium.remote.RemoteWebDriver.execute(RemoteWebDriver.java:536)
at org.openqa.selenium.remote.RemoteWebDriver.startSession(RemoteWebDriver.java:232)
at org.openqa.selenium.remote.RemoteWebDriver.<init>(RemoteWebDriver.java:161)
at org.openqa.selenium.remote.RemoteWebDriver.<init>(RemoteWebDriver.java:141)
at Annotation.CrossBrowserTesting.browserLoad(CrossBrowserTesting.java:43)
at java.base/java.util.ArrayList.forEach(ArrayList.java:1511)
Caused by: java.lang.IllegalArgumentException: Illegal key values seen in w3c capabilities: [Name, build, console, network, platform, version, visual]
at org.openqa.selenium.remote.NewSessionPayload.lambda$validate$5(NewSessionPayload.java:163)
at java.base/java.util.stream.ReferencePipeline$15$1.accept(ReferencePipeline.java:540)
at java.base/java.util.stream.ReferencePipeline$15$1.accept(ReferencePipeline.java:541)
at java.base/java.util.stream.ReferencePipeline$3$1.accept(ReferencePipeline.java:197)
at java.base/java.util.stream.ReferencePipeline$15$1.accept(ReferencePipeline.java:541)
at java.base/java.util.ArrayList$ArrayListSpliterator.forEachRemaining(ArrayList.java:1625)
at java.base/java.util.stream.AbstractPipeline.copyInto(AbstractPipeline.java:509)
at java.base/java.util.stream.AbstractPipeline.wrapAndCopyInto(AbstractPipeline.java:499)
at java.base/java.util.stream.ForEachOps$ForEachOp.evaluateSequential(ForEachOps.java:150)
at java.base/java.util.stream.ForEachOps$ForEachOp$OfRef.evaluateSequential(ForEachOps.java:173)
at java.base/java.util.stream.AbstractPipeline.evaluate(AbstractPipeline.java:234)
at java.base/java.util.stream.ReferencePipeline.forEach(ReferencePipeline.java:596)
at org.openqa.selenium.remote.NewSessionPayload.validate(NewSessionPayload.java:167)
at org.openqa.selenium.remote.NewSessionPayload.<init>(NewSessionPayload.java:70)
at org.openqa.selenium.remote.NewSessionPayload.create(NewSessionPayload.java:99)
at org.openqa.selenium.remote.NewSessionPayload.create(NewSessionPayload.java:84)
at org.openqa.selenium.remote.ProtocolHandshake.createSession(ProtocolHandshake.java:60)
at org.openqa.selenium.remote.HttpCommandExecutor.execute(HttpCommandExecutor.java:162)
at org.openqa.selenium.remote.TracedCommandExecutor.execute(TracedCommandExecutor.java:51)
at org.openqa.selenium.remote.RemoteWebDriver.execute(RemoteWebDriver.java:518)
... 36 more
... Removed 31 stack frames]]>
    </failure>
  </testcase> <!-- @BeforeMethod browserLoad -->
  <testcase classname="Annotation.CrossBrowserTesting" name="@AfterMethod cut" time="0.0">
    <skipped/>
  </testcase> <!-- @AfterMethod cut -->
  <testcase classname="Annotation.CrossBrowserTesting" name="@BeforeMethod browserLoad" time="0.0">
    <skipped/>
  </testcase> <!-- @BeforeMethod browserLoad -->
  <testcase classname="Annotation.CrossBrowserTesting" name="@AfterMethod cut" time="0.0">
    <skipped/>
  </testcase> <!-- @AfterMethod cut -->
  <testcase classname="Annotation.CrossBrowserTesting" name="DragandDrop" time="0.001">
    <skipped/>
  </testcase> <!-- DragandDrop -->
  <testcase classname="Annotation.CrossBrowserTesting" name="SelectDropdownList" time="0.001">
    <skipped/>
  </testcase> <!-- SelectDropdownList -->
</testsuite> <!-- Run On Edge -->
